<?xml version='1.0' encoding='UTF-8'?>
<testsuite hostname="robinlamy-G3-3590" name="AccountTests" tests="6" errors="0" failures="0" skipped="0" time="2.038" timestamp="2021-11-17T17:46:12">
          <properties>
[...]
</properties>
          <testcase classname="AccountTests" name="Test 01: Valid account withdrawal" time="0.011">
                      
                    </testcase><testcase classname="AccountTests" name="Test 02: Invalid account withdrawal should throw exception" time="0.0">
                      
                    </testcase><testcase classname="AccountTests" name="Test 03: Withdrawal of negative amount should throw exception" time="0.0">
                      
                    </testcase><testcase classname="AccountTests" name="Test 04: Valid account deposit" time="0.001">
                      
                    </testcase><testcase classname="AccountTests" name="Test 05: Deposit of negative amount should throw exception" time="0.0">
                      
                    </testcase><testcase classname="AccountTests" name="Test 06: Correct balance amount after several withdrawals and deposits" time="2.026">
                      
                    </testcase>
          <system-out><![CDATA[]]></system-out>
          <system-err><![CDATA[]]></system-err>
        </testsuite>